<?xml version="1.0" encoding="utf-8"?>
<UpgradeLog>
    <Settings>
        <Setting
            Name = "LogFile"
            Value = "Proyecto1.log"
        />
        <Setting
            Name = "GenerateInterfacesForClasses"
            Value = "FALSE"
        />
        <Setting
            Name = "ProjectName"
            Value = "Proyecto1"
        />
        <Setting
            Name = "OutputName"
            Value = "Proyecto1.vbproj"
        />
        <Setting
            Name = "OutputDir"
            Value = "C:\WinLicense\Sources\WinlicenseSDK\ExamplesSDK\Trial-Registration\Visual Basic\Visual Basic .NET\Proyecto1.NET"
        />
        <Setting
            Name = "ProjectPath"
            Value = "C:\WinLicense\Sources\WinlicenseSDK\ExamplesSDK\Trial-Registration\Visual Basic\Visual Basic .NET\Proyecto1.vbp"
        />
        <Setting
            Name = "MigrateProjectTo"
            Value = "0"
        />
    </Settings>
    <File
        OldPath = "C:\WinLicense\Sources\WinlicenseSDK\ExamplesSDK\Trial-Registration\Visual Basic\Visual Basic .NET\Form1.frm"
        NewPath = "C:\WinLicense\Sources\WinlicenseSDK\ExamplesSDK\Trial-Registration\Visual Basic\Visual Basic .NET\Proyecto1.NET\Form1.vb"
        FileType = "Form"
        Upgraded = "True"
    />
    <File
        OldPath = "C:\WinLicense\Sources\WinlicenseSDK\ExamplesSDK\Trial-Registration\Visual Basic\Visual Basic .NET\Module1.bas"
        NewPath = "C:\WinLicense\Sources\WinlicenseSDK\ExamplesSDK\Trial-Registration\Visual Basic\Visual Basic .NET\Proyecto1.NET\Module1.vb"
        FileType = "Module"
        Upgraded = "True"
    />
</UpgradeLog>

